<?xml version="1.0" encoding="UTF-8"?>
<!-- Generated by org.testng.reporters.JUnitReportReporter -->
<testsuite hostname="LAPTOP-5JSNQUS7" failures="0" tests="3" name="com.qa.opencart.tests.HomePageTest" time="34.898" errors="1" timestamp="2024-04-23T10:40:11 IST" skipped="0">
  <testcase classname="com.qa.opencart.tests.HomePageTest" name="homePageTitleTest" time="30.067">
    <error message="Error {
  message=&#039;Timeout 30000ms exceeded.
  name=&#039;TimeoutError
  stack=&#039;TimeoutError: Timeout 30000ms exceeded.
    at ProgressController.run (C:\Users\saihr\AppData\Local\Temp\playwright-java-14624427065205129128\package\lib\server\progress.js:87:26)
    at Page.screenshot (C:\Users\saihr\AppData\Local\Temp\playwright-java-14624427065205129128\package\lib\server\page.js:432:23)
    at PageDispatcher.screenshot (C:\Users\saihr\AppData\Local\Temp\playwright-java-14624427065205129128\package\lib\server\dispatchers\pageDispatcher.js:197:32)
    at PageDispatcher._handleCommand (C:\Users\saihr\AppData\Local\Temp\playwright-java-14624427065205129128\package\lib\server\dispatchers\dispatcher.js:94:40)
    at DispatcherConnection.dispatch (C:\Users\saihr\AppData\Local\Temp\playwright-java-14624427065205129128\package\lib\server\dispatchers\dispatcher.js:362:39)
}
Call log:
- taking page screenshot
- waiting for fonts to load...
- fonts loaded
" type="com.microsoft.playwright.TimeoutError">
      <![CDATA[com.microsoft.playwright.TimeoutError: Error {
  message='Timeout 30000ms exceeded.
  name='TimeoutError
  stack='TimeoutError: Timeout 30000ms exceeded.
    at ProgressController.run (C:\Users\saihr\AppData\Local\Temp\playwright-java-14624427065205129128\package\lib\server\progress.js:87:26)
    at Page.screenshot (C:\Users\saihr\AppData\Local\Temp\playwright-java-14624427065205129128\package\lib\server\page.js:432:23)
    at PageDispatcher.screenshot (C:\Users\saihr\AppData\Local\Temp\playwright-java-14624427065205129128\package\lib\server\dispatchers\pageDispatcher.js:197:32)
    at PageDispatcher._handleCommand (C:\Users\saihr\AppData\Local\Temp\playwright-java-14624427065205129128\package\lib\server\dispatchers\dispatcher.js:94:40)
    at DispatcherConnection.dispatch (C:\Users\saihr\AppData\Local\Temp\playwright-java-14624427065205129128\package\lib\server\dispatchers\dispatcher.js:362:39)
}
Call log:
- taking page screenshot
- waiting for fonts to load...
- fonts loaded

at com.microsoft.playwright.impl.WaitableResult.get(WaitableResult.java:52)
at com.microsoft.playwright.impl.ChannelOwner.runUntil(ChannelOwner.java:120)
at com.microsoft.playwright.impl.Connection.sendMessage(Connection.java:129)
at com.microsoft.playwright.impl.ChannelOwner.sendMessage(ChannelOwner.java:106)
at com.microsoft.playwright.impl.PageImpl.screenshotImpl(PageImpl.java:1094)
at com.microsoft.playwright.impl.PageImpl.lambda$screenshot$65(PageImpl.java:1038)
at com.microsoft.playwright.impl.LoggingSupport.withLogging(LoggingSupport.java:47)
at com.microsoft.playwright.impl.ChannelOwner.withLogging(ChannelOwner.java:89)
at com.microsoft.playwright.impl.PageImpl.screenshot(PageImpl.java:1038)
at com.qa.opencart.factory.PlaywrightFactory.takeScreenshot(PlaywrightFactory.java:85)
at com.qa.opencart.listeners.ExtentReportListener.onTestSuccess(ExtentReportListener.java:97)
at org.testng.internal.TestListenerHelper.runTestListeners(TestListenerHelper.java:100)
at org.testng.internal.TestInvoker.runTestResultListener(TestInvoker.java:219)
at org.testng.internal.TestInvoker.invokeMethod(TestInvoker.java:656)
at org.testng.internal.TestInvoker.invokeTestMethod(TestInvoker.java:173)
at org.testng.internal.MethodRunner.runInSequence(MethodRunner.java:46)
at org.testng.internal.TestInvoker$MethodInvocationAgent.invoke(TestInvoker.java:824)
at org.testng.internal.TestInvoker.invokeTestMethods(TestInvoker.java:146)
at org.testng.internal.TestMethodWorker.invokeTestMethods(TestMethodWorker.java:146)
at org.testng.internal.TestMethodWorker.run(TestMethodWorker.java:128)
at java.base/java.util.ArrayList.forEach(ArrayList.java:1511)
at org.testng.TestRunner.privateRun(TestRunner.java:794)
at org.testng.TestRunner.run(TestRunner.java:596)
at org.testng.SuiteRunner.runTest(SuiteRunner.java:377)
at org.testng.SuiteRunner.access$000(SuiteRunner.java:28)
at org.testng.SuiteRunner$SuiteWorker.run(SuiteRunner.java:418)
at org.testng.internal.thread.ThreadUtil.lambda$execute$0(ThreadUtil.java:64)
at java.base/java.util.concurrent.FutureTask.run(FutureTask.java:264)
at java.base/java.util.concurrent.ThreadPoolExecutor.runWorker(ThreadPoolExecutor.java:1136)
at java.base/java.util.concurrent.ThreadPoolExecutor$Worker.run(ThreadPoolExecutor.java:635)
at java.base/java.lang.Thread.run(Thread.java:840)
Caused by: com.microsoft.playwright.TimeoutError: Error {
  message='Timeout 30000ms exceeded.
  name='TimeoutError
  stack='TimeoutError: Timeout 30000ms exceeded.
    at ProgressController.run (C:\Users\saihr\AppData\Local\Temp\playwright-java-14624427065205129128\package\lib\server\progress.js:87:26)
    at Page.screenshot (C:\Users\saihr\AppData\Local\Temp\playwright-java-14624427065205129128\package\lib\server\page.js:432:23)
    at PageDispatcher.screenshot (C:\Users\saihr\AppData\Local\Temp\playwright-java-14624427065205129128\package\lib\server\dispatchers\pageDispatcher.js:197:32)
    at PageDispatcher._handleCommand (C:\Users\saihr\AppData\Local\Temp\playwright-java-14624427065205129128\package\lib\server\dispatchers\dispatcher.js:94:40)
    at DispatcherConnection.dispatch (C:\Users\saihr\AppData\Local\Temp\playwright-java-14624427065205129128\package\lib\server\dispatchers\dispatcher.js:362:39)
}
Call log:
- taking page screenshot
- waiting for fonts to load...
- fonts loaded

at com.microsoft.playwright.impl.Connection.dispatch(Connection.java:254)
at com.microsoft.playwright.impl.Connection.processOneMessage(Connection.java:209)
at com.microsoft.playwright.impl.ChannelOwner.runUntil(ChannelOwner.java:118)
... 29 more
]]>
    </error>
  </testcase> <!-- homePageTitleTest -->
  <system-out/>
  <testcase classname="com.qa.opencart.tests.HomePageTest" name="pageUrlTest" time="0.005"/>
  <system-out/>
  <testcase classname="com.qa.opencart.tests.HomePageTest" name="searchTest" time="4.826"/>
  <system-out/>
</testsuite> <!-- com.qa.opencart.tests.HomePageTest -->
