<?xml version="1.0" encoding="UTF-8"?>
<!-- Generated by org.testng.reporters.JUnitReportReporter -->
<testsuite hostname="LAPTOP-5JSNQUS7" failures="0" tests="3" name="com.qa.opencart.tests.loginPageTest" time="29.316" errors="0" timestamp="2024-04-23T10:40:11 IST" skipped="0">
  <testcase classname="com.qa.opencart.tests.loginPageTest" name="loginPageNavigationTest" time="20.698"/>
  <system-out/>
  <testcase classname="com.qa.opencart.tests.loginPageTest" name="LoginPageTitleTest" time="2.092"/>
  <system-out/>
  <testcase classname="com.qa.opencart.tests.loginPageTest" name="AccountLoginTest" time="6.526"/>
  <system-out/>
</testsuite> <!-- com.qa.opencart.tests.loginPageTest -->
